<?xml version="1.0" encoding="UTF-8"?>
<testng-results ignored="0" total="1" passed="1" failed="0" skipped="0">
  <reporter-output>
  </reporter-output>
  <suite started-at="2024-03-29T05:31:08 IST" name="Default suite" finished-at="2024-03-29T05:31:21 IST" duration-ms="12570">
    <groups>
    </groups>
    <test started-at="2024-03-29T05:31:08 IST" name="Default test" finished-at="2024-03-29T05:31:21 IST" duration-ms="12570">
      <class name="com.pom.testcases.TestSauceDemoLogin">
        <test-method is-config="true" signature="BaseClass()[pri:0, instance:com.pom.testcases.TestSauceDemoLogin@21282ed8]" started-at="2024-03-29T05:30:57 IST" name="BaseClass" finished-at="2024-03-29T05:31:08 IST" duration-ms="11351" status="PASS">
          <reporter-output>
          </reporter-output>
        </test-method> <!-- BaseClass -->
        <test-method signature="LoginTest()[pri:0, instance:com.pom.testcases.TestSauceDemoLogin@21282ed8]" started-at="2024-03-29T05:31:08 IST" name="LoginTest" finished-at="2024-03-29T05:31:21 IST" duration-ms="12533" status="PASS">
          <reporter-output>
          </reporter-output>
        </test-method> <!-- LoginTest -->
        <test-method is-config="true" signature="CloseBrowser()[pri:0, instance:com.pom.testcases.TestSauceDemoLogin@21282ed8]" started-at="2024-03-29T05:31:21 IST" name="CloseBrowser" finished-at="2024-03-29T05:31:27 IST" duration-ms="6114" status="PASS">
          <reporter-output>
          </reporter-output>
        </test-method> <!-- CloseBrowser -->
      </class> <!-- com.pom.testcases.TestSauceDemoLogin -->
    </test> <!-- Default test -->
  </suite> <!-- Default suite -->
</testng-results>
